This is pdfTeX, Version 3.1415926-2.3-1.40.12 (MiKTeX 2.9 64-bit) (preloaded format=pdflatex 2015.1.16)  17 JAN 2015 12:32
entering extended mode
**D:/Studia/AiR/semestr_9/quadro/Dokumenty/Raport*-*Kopia/Raport_quadro/raport.
tex

("D:/Studia/AiR/semestr_9/quadro/Dokumenty/Raport - Kopia/Raport_quadro/raport.
tex"
LaTeX2e <2011/06/27>
Babel <v3.8m> and hyphenation patterns for english, afrikaans, ancientgreek, ar
abic, armenian, assamese, basque, bengali, bokmal, bulgarian, catalan, coptic, 
croatian, czech, danish, dutch, esperanto, estonian, farsi, finnish, french, ga
lician, german, german-x-2009-06-19, greek, gujarati, hindi, hungarian, iceland
ic, indonesian, interlingua, irish, italian, kannada, kurmanji, lao, latin, lat
vian, lithuanian, malayalam, marathi, mongolian, mongolianlmc, monogreek, ngerm
an, ngerman-x-2009-06-19, nynorsk, oriya, panjabi, pinyin, polish, portuguese, 
romanian, russian, sanskrit, serbian, slovak, slovenian, spanish, swedish, swis
sgerman, tamil, telugu, turkish, turkmen, ukenglish, ukrainian, uppersorbian, u
senglishmax, welsh, loaded.
("C:\Program Files\LaTeX\tex\latex\mwcls\mwrep.cls"
Document Class: mwrep 2009/09/27 v0.74 A LaTeX document class (MW)
*** Beta version. Formatting may change
*** in future versions of this class.
\l@nohyphenation=\language70
("C:\Program Files\LaTeX\tex\latex\base\fleqn.clo"
File: fleqn.clo 1998/08/17 v1.1c Standard LaTeX option (flush left equations)
\mathindent=\dimen102
)
("C:\Program Files\LaTeX\tex\latex\mwcls\mw12.clo"
File: mw12.clo 2009/09/27 v0.74 A document class size option (MW)
)
\@parindent=\dimen103
\c@part=\count79
\c@chapter=\count80
\c@section=\count81
\c@subsection=\count82
\c@subsubsection=\count83
\c@paragraph=\count84
\c@subparagraph=\count85
\c@figure=\count86
\c@table=\count87
\abovecaptionskip=\skip41
\belowcaptionskip=\skip42
\bibindent=\dimen104
)
("C:\Program Files\LaTeX\tex\latex\polski\polski.sty"
Package: polski 2008/02/24 v1.3.3 Polish language package

Document language package `polski' v1.3.3 <2008/02/24>
("C:\Program Files\LaTeX\tex\latex\base\ot4enc.def"
File: ot4enc.def 2005/09/27 v1.99g Standard LaTeX file
)
LaTeX Font Info:    Overwriting math alphabet `\mathbf' in version `normal'
(Font)                  OT1/cmr/bx/n --> OT4/cmr/bx/n on input line 310.
LaTeX Font Info:    Overwriting math alphabet `\mathsf' in version `normal'
(Font)                  OT1/cmss/m/n --> OT4/cmss/m/n on input line 310.
LaTeX Font Info:    Overwriting math alphabet `\mathit' in version `normal'
(Font)                  OT1/cmr/m/it --> OT4/cmr/m/it on input line 310.
LaTeX Font Info:    Overwriting math alphabet `\mathtt' in version `normal'
(Font)                  OT1/cmtt/m/n --> OT4/cmtt/m/n on input line 310.
LaTeX Font Info:    Overwriting math alphabet `\mathsf' in version `bold'
(Font)                  OT1/cmss/bx/n --> OT4/cmss/bx/n on input line 310.
LaTeX Font Info:    Overwriting math alphabet `\mathit' in version `bold'
(Font)                  OT1/cmr/bx/it --> OT4/cmr/bx/it on input line 310.
LaTeX Font Info:    Encoding `OT1' has changed to `OT4' for symbol font
(Font)              `operators' in the math version `normal' on input line 310.

LaTeX Font Info:    Overwriting symbol font `operators' in version `normal'
(Font)                  OT1/cmr/m/n --> OT4/cmr/m/n on input line 310.
LaTeX Font Info:    Overwriting symbol font `letters' in version `normal'
(Font)                  OML/cmm/m/it --> OML/plm/m/it on input line 310.
LaTeX Font Info:    Overwriting symbol font `symbols' in version `normal'
(Font)                  OMS/cmsy/m/n --> OMS/plsy/m/n on input line 310.
LaTeX Font Info:    Overwriting symbol font `largesymbols' in version `normal'
(Font)                  OMX/cmex/m/n --> OMX/plex/m/n on input line 310.
LaTeX Font Info:    Encoding `OT1' has changed to `OT4' for symbol font
(Font)              `operators' in the math version `bold' on input line 310.
LaTeX Font Info:    Overwriting symbol font `operators' in version `bold'
(Font)                  OT1/cmr/bx/n --> OT4/cmr/bx/n on input line 310.
LaTeX Font Info:    Overwriting symbol font `letters' in version `bold'
(Font)                  OML/cmm/b/it --> OML/plm/b/it on input line 310.
LaTeX Font Info:    Overwriting symbol font `symbols' in version `bold'
(Font)                  OMS/cmsy/b/n --> OMS/plsy/b/n on input line 310.
)
("C:\Program Files\LaTeX\tex\latex\ams\math\amsmath.sty"
Package: amsmath 2000/07/18 v2.13 AMS math features
\@mathmargin=\skip43

For additional information on amsmath, use the `?' option.
("C:\Program Files\LaTeX\tex\latex\ams\math\amstext.sty"
Package: amstext 2000/06/29 v2.01

("C:\Program Files\LaTeX\tex\latex\ams\math\amsgen.sty"
File: amsgen.sty 1999/11/30 v2.0
\@emptytoks=\toks14
\ex@=\dimen105
))
("C:\Program Files\LaTeX\tex\latex\ams\math\amsbsy.sty"
Package: amsbsy 1999/11/29 v1.2d
\pmbraise@=\dimen106
)
("C:\Program Files\LaTeX\tex\latex\ams\math\amsopn.sty"
Package: amsopn 1999/12/14 v2.01 operator names
)
\inf@bad=\count88
LaTeX Info: Redefining \frac on input line 211.
\uproot@=\count89
\leftroot@=\count90
LaTeX Info: Redefining \overline on input line 307.
\classnum@=\count91
\DOTSCASE@=\count92
LaTeX Info: Redefining \ldots on input line 379.
LaTeX Info: Redefining \dots on input line 382.
LaTeX Info: Redefining \cdots on input line 467.
\Mathstrutbox@=\box26
\strutbox@=\box27
\big@size=\dimen107
LaTeX Font Info:    Redeclaring font encoding OML on input line 567.
LaTeX Font Info:    Redeclaring font encoding OMS on input line 568.
\macc@depth=\count93
\c@MaxMatrixCols=\count94
\dotsspace@=\muskip10
\c@parentequation=\count95
\dspbrk@lvl=\count96
\tag@help=\toks15
\row@=\count97
\column@=\count98
\maxfields@=\count99
\andhelp@=\toks16
\eqnshift@=\dimen108
\alignsep@=\dimen109
\tagshift@=\dimen110
\tagwidth@=\dimen111
\totwidth@=\dimen112
\lineht@=\dimen113
\@envbody=\toks17
\multlinegap=\skip44
\multlinetaggap=\skip45
\mathdisplay@stack=\toks18
LaTeX Info: Redefining \[ on input line 2666.
LaTeX Info: Redefining \] on input line 2667.
)
("C:\Program Files\LaTeX\tex\latex\amsfonts\amssymb.sty"
Package: amssymb 2009/06/22 v3.00

("C:\Program Files\LaTeX\tex\latex\amsfonts\amsfonts.sty"
Package: amsfonts 2009/06/22 v3.00 Basic AMSFonts support
\symAMSa=\mathgroup4
\symAMSb=\mathgroup5
LaTeX Font Info:    Overwriting math alphabet `\mathfrak' in version `bold'
(Font)                  U/euf/m/n --> U/euf/b/n on input line 96.
))
("C:\Program Files\LaTeX\tex\latex\graphics\graphicx.sty"
Package: graphicx 1999/02/16 v1.0f Enhanced LaTeX Graphics (DPC,SPQR)

("C:\Program Files\LaTeX\tex\latex\graphics\keyval.sty"
Package: keyval 1999/03/16 v1.13 key=value parser (DPC)
\KV@toks@=\toks19
)
("C:\Program Files\LaTeX\tex\latex\graphics\graphics.sty"
Package: graphics 2009/02/05 v1.0o Standard LaTeX Graphics (DPC,SPQR)

("C:\Program Files\LaTeX\tex\latex\graphics\trig.sty"
Package: trig 1999/03/16 v1.09 sin cos tan (DPC)
)
("C:\Program Files\LaTeX\tex\latex\00miktex\graphics.cfg"
File: graphics.cfg 2007/01/18 v1.5 graphics configuration of teTeX/TeXLive
)
Package graphics Info: Driver file: pdftex.def on input line 91.

("C:\Program Files\LaTeX\tex\latex\pdftex-def\pdftex.def"
File: pdftex.def 2011/05/27 v0.06d Graphics/color for pdfTeX

("C:\Program Files\LaTeX\tex\generic\oberdiek\infwarerr.sty"
Package: infwarerr 2010/04/08 v1.3 Providing info/warning/error messages (HO)
)
("C:\Program Files\LaTeX\tex\generic\oberdiek\ltxcmds.sty"
Package: ltxcmds 2011/11/09 v1.22 LaTeX kernel commands for general use (HO)
)
\Gread@gobject=\count100
))
\Gin@req@height=\dimen114
\Gin@req@width=\dimen115
)
("C:\Program Files\LaTeX\tex\latex\geometry\geometry.sty"
Package: geometry 2010/09/12 v5.6 Page Geometry

("C:\Program Files\LaTeX\tex\generic\oberdiek\ifpdf.sty"
Package: ifpdf 2011/01/30 v2.3 Provides the ifpdf switch (HO)
Package ifpdf Info: pdfTeX in PDF mode is detected.
)
("C:\Program Files\LaTeX\tex\generic\oberdiek\ifvtex.sty"
Package: ifvtex 2010/03/01 v1.5 Detect VTeX and its facilities (HO)
Package ifvtex Info: VTeX not detected.
)
("C:\Program Files\LaTeX\tex\generic\ifxetex\ifxetex.sty"
Package: ifxetex 2010/09/12 v0.6 Provides ifxetex conditional
)
\Gm@cnth=\count101
\Gm@cntv=\count102
\c@Gm@tempcnt=\count103
\Gm@bindingoffset=\dimen116
\Gm@wd@mp=\dimen117
\Gm@odd@mp=\dimen118
\Gm@even@mp=\dimen119
\Gm@layoutwidth=\dimen120
\Gm@layoutheight=\dimen121
\Gm@layouthoffset=\dimen122
\Gm@layoutvoffset=\dimen123
\Gm@dimlist=\toks20

("C:\Program Files\LaTeX\tex\latex\geometry\geometry.cfg"))
("C:\Program Files\LaTeX\tex\latex\fancyvrb\fancyvrb.sty"
Package: fancyvrb 2008/02/07

Style option: `fancyvrb' v2.7a, with DG/SPQR fixes, and firstline=lastline fix 
<2008/02/07> (tvz)
\FV@CodeLineNo=\count104
\FV@InFile=\read1
\FV@TabBox=\box28
\c@FancyVerbLine=\count105
\FV@StepNumber=\count106
\FV@OutFile=\write3
) ("C:\Program Files\LaTeX\tex\latex\listings\listings.sty"
\lst@mode=\count107
\lst@gtempboxa=\box29
\lst@token=\toks21
\lst@length=\count108
\lst@currlwidth=\dimen124
\lst@column=\count109
\lst@pos=\count110
\lst@lostspace=\dimen125
\lst@width=\dimen126
\lst@newlines=\count111
\lst@lineno=\count112
\lst@maxwidth=\dimen127

("C:\Program Files\LaTeX\tex\latex\listings\lstmisc.sty"
File: lstmisc.sty 2007/02/22 1.4 (Carsten Heinz)
\c@lstnumber=\count113
\lst@skipnumbers=\count114
\lst@framebox=\box30
)
("C:\Program Files\LaTeX\tex\latex\listings\listings.cfg"
File: listings.cfg 2007/02/22 1.4 listings configuration
))
Package: listings 2007/02/22 1.4 (Carsten Heinz)

("C:\Program Files\LaTeX\tex\latex\hyperref\hyperref.sty"
Package: hyperref 2012/05/13 v6.82q Hypertext links for LaTeX

("C:\Program Files\LaTeX\tex\generic\oberdiek\hobsub-hyperref.sty"
Package: hobsub-hyperref 2012/04/25 v1.12 Bundle oberdiek, subset hyperref (HO)


("C:\Program Files\LaTeX\tex\generic\oberdiek\hobsub-generic.sty"
Package: hobsub-generic 2012/04/25 v1.12 Bundle oberdiek, subset generic (HO)
Package: hobsub 2012/04/25 v1.12 Construct package bundles (HO)
Package hobsub Info: Skipping package `infwarerr' (already loaded).
Package hobsub Info: Skipping package `ltxcmds' (already loaded).
Package: ifluatex 2010/03/01 v1.3 Provides the ifluatex switch (HO)
Package ifluatex Info: LuaTeX not detected.
Package hobsub Info: Skipping package `ifvtex' (already loaded).
Package: intcalc 2007/09/27 v1.1 Expandable calculations with integers (HO)
Package hobsub Info: Skipping package `ifpdf' (already loaded).
Package: etexcmds 2011/02/16 v1.5 Avoid name clashes with e-TeX commands (HO)
Package etexcmds Info: Could not find \expanded.
(etexcmds)             That can mean that you are not using pdfTeX 1.50 or
(etexcmds)             that some package has redefined \expanded.
(etexcmds)             In the latter case, load this package earlier.
Package: kvsetkeys 2012/04/25 v1.16 Key value parser (HO)
Package: kvdefinekeys 2011/04/07 v1.3 Define keys (HO)
Package: pdftexcmds 2011/11/29 v0.20 Utility functions of pdfTeX for LuaTeX (HO
)
Package pdftexcmds Info: LuaTeX not detected.
Package pdftexcmds Info: \pdf@primitive is available.
Package pdftexcmds Info: \pdf@ifprimitive is available.
Package pdftexcmds Info: \pdfdraftmode found.
Package: pdfescape 2011/11/25 v1.13 Implements pdfTeX's escape features (HO)
Package: bigintcalc 2012/04/08 v1.3 Expandable calculations on big integers (HO
)
Package: bitset 2011/01/30 v1.1 Handle bit-vector datatype (HO)
Package: uniquecounter 2011/01/30 v1.2 Provide unlimited unique counter (HO)
)
Package hobsub Info: Skipping package `hobsub' (already loaded).
Package: letltxmacro 2010/09/02 v1.4 Let assignment for LaTeX macros (HO)
Package: hopatch 2011/06/24 v1.1 Wrapper for package hooks (HO)
Package: xcolor-patch 2011/01/30 xcolor patch
Package: atveryend 2011/06/30 v1.8 Hooks at the very end of document (HO)
Package atveryend Info: \enddocument detected (standard20110627).
Package: atbegshi 2011/10/05 v1.16 At begin shipout hook (HO)
Package: refcount 2011/10/16 v3.4 Data extraction from label references (HO)
Package: hycolor 2011/01/30 v1.7 Color options for hyperref/bookmark (HO)
)
("C:\Program Files\LaTeX\tex\latex\oberdiek\kvoptions.sty"
Package: kvoptions 2011/06/30 v3.11 Key value format for package options (HO)
)
\@linkdim=\dimen128
\Hy@linkcounter=\count115
\Hy@pagecounter=\count116

("C:\Program Files\LaTeX\tex\latex\hyperref\pd1enc.def"
File: pd1enc.def 2012/05/13 v6.82q Hyperref: PDFDocEncoding definition (HO)
)
\Hy@SavedSpaceFactor=\count117

("C:\Program Files\LaTeX\tex\latex\00miktex\hyperref.cfg"
File: hyperref.cfg 2002/06/06 v1.2 hyperref configuration of TeXLive
)
Package hyperref Info: Option `unicode' set `true' on input line 3941.

("C:\Program Files\LaTeX\tex\latex\hyperref\puenc.def"
File: puenc.def 2012/05/13 v6.82q Hyperref: PDF Unicode definition (HO)
)
Package hyperref Info: Hyper figures OFF on input line 4062.
Package hyperref Info: Link nesting OFF on input line 4067.
Package hyperref Info: Hyper index ON on input line 4070.
Package hyperref Info: Plain pages OFF on input line 4077.
Package hyperref Info: Backreferencing OFF on input line 4082.
Package hyperref Info: Implicit mode ON; LaTeX internals redefined.
Package hyperref Info: Bookmarks ON on input line 4300.
\c@Hy@tempcnt=\count118

("C:\Program Files\LaTeX\tex\latex\ltxmisc\url.sty"
\Urlmuskip=\muskip11
Package: url 2006/04/12  ver 3.3  Verb mode for urls, etc.
)
LaTeX Info: Redefining \url on input line 4653.
\Fld@menulength=\count119
\Field@Width=\dimen129
\Fld@charsize=\dimen130
Package hyperref Info: Hyper figures OFF on input line 5773.
Package hyperref Info: Link nesting OFF on input line 5778.
Package hyperref Info: Hyper index ON on input line 5781.
Package hyperref Info: backreferencing OFF on input line 5788.
Package hyperref Info: Link coloring OFF on input line 5793.
Package hyperref Info: Link coloring with OCG OFF on input line 5798.
Package hyperref Info: PDF/A mode OFF on input line 5803.
LaTeX Info: Redefining \ref on input line 5843.
LaTeX Info: Redefining \pageref on input line 5847.
\Hy@abspage=\count120
\c@Item=\count121
\c@Hfootnote=\count122
)

Package hyperref Message: Driver (autodetected): hpdftex.

("C:\Program Files\LaTeX\tex\latex\hyperref\hpdftex.def"
File: hpdftex.def 2012/05/13 v6.82q Hyperref driver for pdfTeX
\Fld@listcount=\count123
\c@bookmark@seq@number=\count124

("C:\Program Files\LaTeX\tex\latex\oberdiek\rerunfilecheck.sty"
Package: rerunfilecheck 2011/04/15 v1.7 Rerun checks for auxiliary files (HO)
Package uniquecounter Info: New unique counter `rerunfilecheck' on input line 2
82.
)
\Hy@SectionHShift=\skip46
)
("C:\Program Files\LaTeX\tex\latex\graphics\color.sty"
Package: color 2005/11/14 v1.0j Standard LaTeX Color (DPC)

("C:\Program Files\LaTeX\tex\latex\00miktex\color.cfg"
File: color.cfg 2007/01/18 v1.5 color configuration of teTeX/TeXLive
)
Package color Info: Driver file: pdftex.def on input line 130.
)
("C:\Program Files\LaTeX\tex\latex\cite\cite.sty"
LaTeX Info: Redefining \cite on input line 302.
LaTeX Info: Redefining \nocite on input line 373.
Package: cite 2010/09/10  v 5.3
)
("C:\Program Files\LaTeX\tex\latex\cite\chapterbib.sty"
\c@inputfile=\count125
Package: chapterbib 2010/09/18  v 1.17
)
Package color Info: Redefining color darkgray on input line 56.
Package hyperref Info: Option `bookmarksopen' set `true' on input line 114.
Package hyperref Info: Option `colorlinks' set `true' on input line 114.
\c@uwaga=\count126
\c@twr=\count127
LaTeX Font Info:    Try loading font information for OT4+cmr on input line 141.


("C:\Program Files\LaTeX\tex\latex\polski\ot4cmr.fd"
File: ot4cmr.fd 2008/02/24 v1.2.1 Font defs for fonts PL (MW)
)
("D:\Studia\AiR\semestr_9\quadro\Dokumenty\Raport - Kopia\Raport_quadro\raport.
aux")
LaTeX Font Info:    Checking defaults for OML/cmm/m/it on input line 156.
LaTeX Font Info:    ... okay on input line 156.
LaTeX Font Info:    Checking defaults for T1/cmr/m/n on input line 156.
LaTeX Font Info:    ... okay on input line 156.
LaTeX Font Info:    Checking defaults for OT1/cmr/m/n on input line 156.
LaTeX Font Info:    ... okay on input line 156.
LaTeX Font Info:    Checking defaults for OMS/cmsy/m/n on input line 156.
LaTeX Font Info:    ... okay on input line 156.
LaTeX Font Info:    Checking defaults for OMX/cmex/m/n on input line 156.
LaTeX Font Info:    ... okay on input line 156.
LaTeX Font Info:    Checking defaults for U/cmr/m/n on input line 156.
LaTeX Font Info:    ... okay on input line 156.
LaTeX Font Info:    Checking defaults for OT4/cmr/m/n on input line 156.
LaTeX Font Info:    ... okay on input line 156.
LaTeX Font Info:    Checking defaults for PD1/pdf/m/n on input line 156.
LaTeX Font Info:    ... okay on input line 156.
LaTeX Font Info:    Checking defaults for PU/pdf/m/n on input line 156.
LaTeX Font Info:    ... okay on input line 156.
 ("C:\Program Files\LaTeX\tex\context\base\supp-pdf.mkii"
[Loading MPS to PDF converter (version 2006.09.02).]
\scratchcounter=\count128
\scratchdimen=\dimen131
\scratchbox=\box31
\nofMPsegments=\count129
\nofMParguments=\count130
\everyMPshowfont=\toks22
\MPscratchCnt=\count131
\MPscratchDim=\dimen132
\MPnumerator=\count132
\makeMPintoPDFobject=\count133
\everyMPtoPDFconversion=\toks23
)
*geometry* driver: auto-detecting
*geometry* detected driver: pdftex
*geometry* verbose mode - [ preamble ] result:
* driver: pdftex
* paper: a4paper
* layout: <same size as paper>
* layoutoffset:(h,v)=(0.0pt,0.0pt)
* modes: twoside 
* h-part:(L,W,R)=(56.90552pt, 455.24408pt, 85.35828pt)
* v-part:(T,H,B)=(53.49118pt, 711.3189pt, 80.23677pt)
* \paperwidth=597.50787pt
* \paperheight=845.04684pt
* \textwidth=455.24408pt
* \textheight=711.3189pt
* \oddsidemargin=-15.36447pt
* \evensidemargin=13.08829pt
* \topmargin=-49.77881pt
* \headheight=14.5pt
* \headsep=16.5pt
* \topskip=12.0pt
* \footskip=29.0pt
* \marginparwidth=0.0pt
* \marginparsep=0.0pt
* \columnsep=25.6802pt
* \skip\footins=10.8pt plus 4.0pt minus 2.0pt
* \hoffset=0.0pt
* \voffset=0.0pt
* \mag=1000
* \@twocolumnfalse
* \@twosidetrue
* \@mparswitchtrue
* \@reversemarginfalse
* (1in=72.27pt=25.4mm, 1cm=28.453pt)

\c@lstlisting=\count134
\AtBeginShipoutBox=\box32
Package hyperref Info: Link coloring ON on input line 156.
("C:\Program Files\LaTeX\tex\latex\hyperref\nameref.sty"
Package: nameref 2010/04/30 v2.40 Cross-referencing by name of section

("C:\Program Files\LaTeX\tex\generic\oberdiek\gettitlestring.sty"
Package: gettitlestring 2010/12/03 v1.4 Cleanup title references (HO)
)
\c@section@level=\count135
)
LaTeX Info: Redefining \ref on input line 156.
LaTeX Info: Redefining \pageref on input line 156.
LaTeX Info: Redefining \nameref on input line 156.

("D:\Studia\AiR\semestr_9\quadro\Dokumenty\Raport - Kopia\Raport_quadro\raport.
out")
("D:\Studia\AiR\semestr_9\quadro\Dokumenty\Raport - Kopia\Raport_quadro\raport.
out")
\@outlinefile=\write4
Missing character: There is no Å in font plr17!
Missing character: There is no ¼ in font plr17!
Missing character: There is no ï in font plti12!
Missing character: There is no ¿ in font plti12!
Missing character: There is no ½ in font plti12!
Missing character: There is no ï in font plti12!
Missing character: There is no ¿ in font plti12!
Missing character: There is no ½ in font plti12!
Missing character: There is no ï in font plr17!
Missing character: There is no ¿ in font plr17!
Missing character: There is no ½ in font plr17!
 [1

{C:/Users/alicjaliQui/AppData/Local/MiKTeX/2.9/pdftex/config/pdftex.map}]
Missing character: There is no ï in font plti10!
Missing character: There is no ¿ in font plti10!
Missing character: There is no ½ in font plti10!
Missing character: There is no ï in font plti10!
Missing character: There is no ¿ in font plti10!
Missing character: There is no ½ in font plti10!
Missing character: There is no ï in font plti10!
Missing character: There is no ¿ in font plti10!
Missing character: There is no ½ in font plti10!
Missing character: There is no ï in font plti10!
Missing character: There is no ¿ in font plti10!
Missing character: There is no ½ in font plti10!
Missing character: There is no ï in font plr10!
Missing character: There is no ¿ in font plr10!
Missing character: There is no ½ in font plr10!
LaTeX Font Info:    Try loading font information for OML+plm on input line 163.

 ("C:\Program Files\LaTeX\tex\latex\polski\omlplm.fd"
File: omlplm.fd 2008/02/24 v1.2.1 Font defs for fonts PL (MW)
)
LaTeX Font Info:    Try loading font information for OMS+plsy on input line 163
.

("C:\Program Files\LaTeX\tex\latex\polski\omsplsy.fd"
File: omsplsy.fd 2008/02/24 v1.2.1 Font defs for fonts PL (MW)
)
LaTeX Font Info:    Try loading font information for OMX+plex on input line 163
.

("C:\Program Files\LaTeX\tex\latex\polski\omxplex.fd"
File: omxplex.fd 2008/02/24 v1.2.1 Font defs for fonts PL (MW)
)
LaTeX Font Info:    External font `plex10' loaded for size
(Font)              <10.95> on input line 163.
LaTeX Font Info:    External font `plex10' loaded for size
(Font)              <8> on input line 163.
LaTeX Font Info:    External font `plex10' loaded for size
(Font)              <6> on input line 163.
LaTeX Font Info:    Try loading font information for U+msa on input line 163.

("C:\Program Files\LaTeX\tex\latex\amsfonts\umsa.fd"
File: umsa.fd 2009/06/22 v3.00 AMS symbols A
)
LaTeX Font Info:    Try loading font information for U+msb on input line 163.

("C:\Program Files\LaTeX\tex\latex\amsfonts\umsb.fd"
File: umsb.fd 2009/06/22 v3.00 AMS symbols B
)
<by-nc-sa.pdf, id=39, 122.3469pt x 44.10176pt>
File: by-nc-sa.pdf Graphic file (type pdf)
 <use by-nc-sa.pdf>
Package pdftex.def Info: by-nc-sa.pdf used on input line 163.
(pdftex.def)             Requested size: 85.35826pt x 30.76872pt.
Missing character: There is no ï in font plr10!
Missing character: There is no ¿ in font plr10!
Missing character: There is no ½ in font plr10!
Missing character: There is no ï in font plti10!
Missing character: There is no ¿ in font plti10!
Missing character: There is no ½ in font plti10!
Missing character: There is no ï in font plr10!
Missing character: There is no ¿ in font plr10!
Missing character: There is no ½ in font plr10!
Missing character: There is no ï in font plr10!
Missing character: There is no ¿ in font plr10!
Missing character: There is no ½ in font plr10!
Missing character: There is no ï in font plr10!
Missing character: There is no ¿ in font plr10!
Missing character: There is no ½ in font plr10!
Missing character: There is no ï in font plr10!
Missing character: There is no ¿ in font plr10!
Missing character: There is no ½ in font plr10!
Missing character: There is no ï in font plr10!
Missing character: There is no ¿ in font plr10!
Missing character: There is no ½ in font plr10!
Missing character: There is no ï in font plr10!
Missing character: There is no ¿ in font plr10!
Missing character: There is no ½ in font plr10!
Missing character: There is no ï in font plr10!
Missing character: There is no ¿ in font plr10!
Missing character: There is no ½ in font plr10!
Missing character: There is no ï in font plr10!
Missing character: There is no ¿ in font plr10!
Missing character: There is no ½ in font plr10!
Missing character: There is no ï in font plr10!
Missing character: There is no ¿ in font plr10!
Missing character: There is no ½ in font plr10!
Missing character: There is no ï in font plr10!
Missing character: There is no ¿ in font plr10!
Missing character: There is no ½ in font plr10!
Missing character: There is no ï in font plr10!
Missing character: There is no ¿ in font plr10!
Missing character: There is no ½ in font plr10!
Missing character: There is no ï in font plr10!
Missing character: There is no ¿ in font plr10!
Missing character: There is no ½ in font plr10!
LaTeX Font Info:    Try loading font information for OT4+cmtt on input line 163
.

("C:\Program Files\LaTeX\tex\latex\polski\ot4cmtt.fd"
File: ot4cmtt.fd 2008/02/24 v1.2.1 Font defs for fonts PL (MW)
)
LaTeX Font Info:    External font `plex10' loaded for size
(Font)              <10> on input line 163.
LaTeX Font Info:    External font `plex10' loaded for size
(Font)              <7> on input line 163.
LaTeX Font Info:    External font `plex10' loaded for size
(Font)              <5> on input line 163.

Underfull \hbox (badness 10000) in paragraph at lines 163--163

 []

[2

 <D:/Studia/AiR/semestr_9/quadro/Dokumenty/Raport - Kopia/Raport_quadro/by-nc-s
a.pdf>]
("D:\Studia\AiR\semestr_9\quadro\Dokumenty\Raport - Kopia\Raport_quadro\raport.
toc")
\tf@toc=\write5
 [3


] [4

]
Missing character: There is no ï in font plbx12!
Missing character: There is no ¿ in font plbx12!
Missing character: There is no ½ in font plbx12!
 [5] [6

]
Missing character: There is no ï in font plbx12!
Missing character: There is no ¿ in font plbx12!
Missing character: There is no ½ in font plbx12!

Rozdzia\PlPrIeC {\l } 1.

("D:\Studia\AiR\semestr_9\quadro\Dokumenty\Raport - Kopia\Raport_quadro\part0/c
hap00/0_wstep.tex")
("D:\Studia\AiR\semestr_9\quadro\Dokumenty\Raport - Kopia\Raport_quadro\part0/c
hap00/1_quadro.tex")
Missing character: There is no ï in font plbx12!
Missing character: There is no ¿ in font plbx12!
Missing character: There is no ½ in font plbx12!
Missing character: There is no ï in font plbx12!
Missing character: There is no ¿ in font plbx12!
Missing character: There is no ½ in font plbx12!

("D:\Studia\AiR\semestr_9\quadro\Dokumenty\Raport - Kopia\Raport_quadro\part0/c
hap00/2_wlasn_obiektu.tex")
Missing character: There is no ï in font plbx12!
Missing character: There is no ¿ in font plbx12!
Missing character: There is no ½ in font plbx12!
Missing character: There is no ï in font plbx12!
Missing character: There is no ¿ in font plbx12!
Missing character: There is no ½ in font plbx12!

("D:\Studia\AiR\semestr_9\quadro\Dokumenty\Raport - Kopia\Raport_quadro\part0/c
hap00/3_dostep_rozw.tex")
("D:\Studia\AiR\semestr_9\quadro\Dokumenty\Raport - Kopia\Raport_quadro\part0/c
hap00/4_cel_pracy.tex") [7] [8

] [9] [10

]
Rozdzia\PlPrIeC {\l } 2.

("D:\Studia\AiR\semestr_9\quadro\Dokumenty\Raport - Kopia\Raport_quadro\part1/c
hap01/0_wstep.tex")
Missing character: There is no ï in font plbx12!
Missing character: There is no ¿ in font plbx12!
Missing character: There is no ½ in font plbx12!
Missing character: There is no ï in font plbx12!
Missing character: There is no ¿ in font plbx12!
Missing character: There is no ½ in font plbx12!

("D:\Studia\AiR\semestr_9\quadro\Dokumenty\Raport - Kopia\Raport_quadro\part1/c
hap01/1_cz_odl_wstep.tex")
Missing character: There is no ï in font plbx12!
Missing character: There is no ¿ in font plbx12!
Missing character: There is no ½ in font plbx12!
Missing character: There is no ï in font plbx12!
Missing character: There is no ¿ in font plbx12!
Missing character: There is no ½ in font plbx12!
Missing character: There is no ï in font plbx12!
Missing character: There is no ¿ in font plbx12!
Missing character: There is no ½ in font plbx12!
Missing character: There is no ï in font plbx12!
Missing character: There is no ¿ in font plbx12!
Missing character: There is no ½ in font plbx12!

("D:\Studia\AiR\semestr_9\quadro\Dokumenty\Raport - Kopia\Raport_quadro\part1/c
hap01/2_dobor_cz_odleg.tex")
("D:\Studia\AiR\semestr_9\quadro\Dokumenty\Raport - Kopia\Raport_quadro\part1/c
hap01/3_specyf_pot.tex")
Missing character: There is no ï in font plbx12!
Missing character: There is no ¿ in font plbx12!
Missing character: There is no ½ in font plbx12!
Missing character: There is no ï in font plbx12!
Missing character: There is no ¿ in font plbx12!
Missing character: There is no ½ in font plbx12!

("D:\Studia\AiR\semestr_9\quadro\Dokumenty\Raport - Kopia\Raport_quadro\part1/c
hap01/4_dostep_rozw.tex")
Missing character: There is no ï in font plbx12!
Missing character: There is no ¿ in font plbx12!
Missing character: There is no ½ in font plbx12!
Missing character: There is no ï in font plbx12!
Missing character: There is no ¿ in font plbx12!
Missing character: There is no ½ in font plbx12!

("D:\Studia\AiR\semestr_9\quadro\Dokumenty\Raport - Kopia\Raport_quadro\part1/c
hap01/5_dobor_cz.tex")
Missing character: There is no ï in font plbx12!
Missing character: There is no ¿ in font plbx12!
Missing character: There is no ½ in font plbx12!
Missing character: There is no ï in font plbx12!
Missing character: There is no ¿ in font plbx12!
Missing character: There is no ½ in font plbx12!
Missing character: There is no ï in font plbx12!
Missing character: There is no ¿ in font plbx12!
Missing character: There is no ½ in font plbx12!

("D:\Studia\AiR\semestr_9\quadro\Dokumenty\Raport - Kopia\Raport_quadro\part1/c
hap01/6_rozm_cz.tex")
Missing character: There is no ï in font plbx12!
Missing character: There is no ¿ in font plbx12!
Missing character: There is no ½ in font plbx12!
Missing character: There is no ï in font plbx12!
Missing character: There is no ¿ in font plbx12!
Missing character: There is no ½ in font plbx12!
Missing character: There is no ï in font plbx12!
Missing character: There is no ¿ in font plbx12!
Missing character: There is no ½ in font plbx12!

("D:\Studia\AiR\semestr_9\quadro\Dokumenty\Raport - Kopia\Raport_quadro\part1/c
hap01/7_przeglad_rozw.tex")
("D:\Studia\AiR\semestr_9\quadro\Dokumenty\Raport - Kopia\Raport_quadro\part1/c
hap01/8_prop_rozm.tex")
Missing character: There is no Å in font plbx12!

("D:\Studia\AiR\semestr_9\quadro\Dokumenty\Raport - Kopia\Raport_quadro\part1/c
hap01/8a_specyfikacja_potrzeb.tex")
Missing character: There is no Å in font plbx12!

("D:\Studia\AiR\semestr_9\quadro\Dokumenty\Raport - Kopia\Raport_quadro\part1/c
hap01/8b_wykonananie_i_uruchomienie.tex")
Missing character: There is no Å in font plbx12!


! LaTeX Error: File `part1/chap01/8c_oprogramowanie_plytki.tex' not found.

Type X to quit or <RETURN> to proceed,
or enter new name. (Default extension: tex)

Enter file name: 
! Emergency stop.
<read *> 
         
l.219 ...ut{part1/chap01/8c_oprogramowanie_plytki}
                                                  
End of file on the terminal!

 
Here is how much of TeX's memory you used:
 9691 strings out of 494045
 136937 string characters out of 3150384
 218779 words of memory out of 3000000
 12779 multiletter control sequences out of 15000+200000
 20567 words of font info for 61 fonts, out of 3000000 for 9000
 715 hyphenation exceptions out of 8191
 29i,5n,32p,651b,326s stack positions out of 5000i,500n,10000p,200000b,50000s
!  ==> Fatal error occurred, no output PDF file produced!
